  Markserv   boot: starting Markserv...
(node:287705) [DEP0128] DeprecationWarning: Invalid 'main' field in '/home/jaandrle/.npm/_npx/13a70f167aa91a98/node_modules/implant/package.json' of 'implant'. Please either fix that or report it to the module author
(Use `node --trace-deprecation ...` to show where the warning was created)
(node:287705) [DEP0128] DeprecationWarning: Invalid 'main' field in '/home/jaandrle/.npm/_npx/13a70f167aa91a98/node_modules/balanced-pairs/package.json' of 'balanced-pairs'. Please either fix that or report it to the module author
(node:287705) [DEP0128] DeprecationWarning: Invalid 'main' field in '/home/jaandrle/.npm/_npx/13a70f167aa91a98/node_modules/super-split/package.json' of 'super-split'. Please either fix that or report it to the module author
  Markserv   address: http://localhost:8642
  Markserv   path: /home/jaandrle/Vzdálené/GitHub/nodejsscript/docs
  Markserv   livereload: communicating on port: 35729
  Markserv   process: your pid is: 287705
  Markserv   stop: press [Ctrl + C] or type "sudo kill -9 287705"
    GitHub   Contribute on Github - github.com/markserv
  Markserv   upgrade: checking for upgrade...
  Markserv   upgrade: no upgrade available
  Markserv   dir: /home/jaandrle/Vzdálené/GitHub/nodejsscript/docs/
  Markserv   markdown: /home/jaandrle/Vzdálené/GitHub/nodejsscript/docs/README.md
  Markserv   markdown: /home/jaandrle/Vzdálené/GitHub/nodejsscript/docs/namespaces/s/README.md
  Markserv   markdown: /home/jaandrle/Vzdálené/GitHub/nodejsscript/docs/functions/pipe.md
  Markserv   markdown: /home/jaandrle/Vzdálené/GitHub/nodejsscript/docs/functions/fetch.md
  Markserv   markdown: /home/jaandrle/Vzdálené/GitHub/nodejsscript/docs/namespaces/fetch/classes/Response.md
  Markserv   markdown: /home/jaandrle/Vzdálené/GitHub/nodejsscript/docs/functions/echo.md
  Markserv   markdown: /home/jaandrle/Vzdálené/GitHub/nodejsscript/docs/README.md
  Markserv   dir: /home/jaandrle/Vzdálené/GitHub/nodejsscript/docs/namespaces/
  Markserv   dir: /home/jaandrle/Vzdálené/GitHub/nodejsscript/docs/namespaces/$/
  Markserv   markdown: /home/jaandrle/Vzdálené/GitHub/nodejsscript/docs/namespaces/$/README.md
  Markserv   markdown: /home/jaandrle/Vzdálené/GitHub/nodejsscript/docs/namespaces/$/variables/stdin.md
  Markserv   markdown: /home/jaandrle/Vzdálené/GitHub/nodejsscript/docs/namespaces/$/functions/api.md
